[2026-06-10T07:57:13.522Z] GET http://localhost:8765/index.html → 200 (10ms, 25624B)
[2026-06-10T07:57:13.541Z] GET https://cdn.tailwindcss.com/ → 302 (158ms, ?B)
[2026-06-10T07:57:13.542Z] GET https://fonts.googleapis.com/css2?family=Inter:wght@400;500;600;700&display=swap → 200 (306ms, 1233B)
[2026-06-10T07:57:13.542Z] GET http://localhost:8765/styles.css → 200 (4ms, 10397B)
[2026-06-10T07:57:13.542Z] GET https://placehold.co/300x170?text=No+Video → 200 (346ms, 1734B)
[2026-06-10T07:57:13.542Z] GET https://placehold.co/280x157.5/333333/FFFFFF?text=No+Thumbnail → pending (?ms, ?B)
[2026-06-10T07:57:13.542Z] GET http://localhost:8765/core-utils.js → 200 (348ms, 19040B)
[2026-06-10T07:57:13.542Z] GET http://localhost:8765/core-obs.js → 404 (347ms, ?B)
[2026-06-10T07:57:13.542Z] GET http://localhost:8765/core-scheduler.js → 404 (349ms, ?B)
[2026-06-10T07:57:13.542Z] GET http://localhost:8765/player-loop.js → 404 (347ms, ?B)
[2026-06-10T07:57:13.544Z] GET http://localhost:8765/player-live.js → 404 (346ms, ?B)
[2026-06-10T07:57:13.544Z] GET http://localhost:8765/player-delay.js → 404 (344ms, ?B)
[2026-06-10T07:57:13.544Z] GET http://localhost:8765/player-localpc.js → 404 (347ms, ?B)
[2026-06-10T07:57:13.544Z] GET http://localhost:8765/monitor-live.js → 200 (348ms, 21949B)
[2026-06-10T07:57:13.544Z] GET http://localhost:8765/monitor-katha.js → 200 (348ms, 12972B)
[2026-06-10T07:57:13.544Z] GET http://localhost:8765/main.js → 404 (348ms, ?B)
[2026-06-10T07:57:13.699Z] GET https://cdn.tailwindcss.com/3.4.17 → 200 (48ms, 126878B)
[2026-06-10T07:57:13.886Z] GET https://fonts.gstatic.com/s/inter/v20/UcC73FwrK3iLTeHuS_nVMrMxCp50SjIa1ZL7W0Q5nw.woff2 → 200 (238ms, 48983B)
[2026-06-10T07:57:13.913Z] GET https://api.codetabs.com/v1/proxy/?quest=https%3A%2F%2Fwww.youtube.com%2F%40swaminarayan%2Fstreams → pending (?ms, ?B)
[2026-06-10T07:57:13.921Z] GET https://api.codetabs.com/v1/proxy/?quest=https%3A%2F%2Fwww.youtube.com%2Fplaylist%3Flist%3DUULFQXWP4gEdEwlb6vodwrU75A → pending (?ms, ?B)
[2026-06-10T07:57:17.768Z] GET https://api.codetabs.com/v1/proxy/?quest=https%3A%2F%2Fwww.youtube.com%2Ffeeds%2Fvideos.xml%3Fchannel_id%3DUCQXWP4gEdEwlb6vodwrU75A → pending (?ms, ?B)
[2026-06-10T07:57:43.920Z] GET https://api.codetabs.com/v1/proxy/?quest=https%3A%2F%2Fwww.youtube.com%2F%40swaminarayan%2Fstreams → pending (?ms, ?B)
[2026-06-10T07:58:13.920Z] GET https://api.codetabs.com/v1/proxy/?quest=https%3A%2F%2Fwww.youtube.com%2F%40swaminarayan%2Fstreams → pending (?ms, ?B)
[2026-06-10T07:58:43.917Z] GET https://api.codetabs.com/v1/proxy/?quest=https%3A%2F%2Fwww.youtube.com%2F%40swaminarayan%2Fstreams → pending (?ms, ?B)
[2026-06-10T07:59:13.915Z] GET https://api.codetabs.com/v1/proxy/?quest=https%3A%2F%2Fwww.youtube.com%2F%40swaminarayan%2Fstreams → pending (?ms, ?B)
[2026-06-10T07:59:43.921Z] GET https://api.codetabs.com/v1/proxy/?quest=https%3A%2F%2Fwww.youtube.com%2F%40swaminarayan%2Fstreams → pending (?ms, ?B)
[2026-06-10T08:00:13.915Z] GET https://api.codetabs.com/v1/proxy/?quest=https%3A%2F%2Fwww.youtube.com%2F%40swaminarayan%2Fstreams → 400 (237ms, 425B)
[2026-06-10T08:00:43.916Z] GET https://api.codetabs.com/v1/proxy/?quest=https%3A%2F%2Fwww.youtube.com%2F%40swaminarayan%2Fstreams → pending (?ms, ?B)
[2026-06-10T08:01:13.908Z] GET https://api.codetabs.com/v1/proxy/?quest=https%3A%2F%2Fwww.youtube.com%2F%40swaminarayan%2Fstreams → 400 (239ms, 479B)
[2026-06-10T08:01:43.917Z] GET https://api.codetabs.com/v1/proxy/?quest=https%3A%2F%2Fwww.youtube.com%2F%40swaminarayan%2Fstreams → 400 (234ms, 427B)
[2026-06-10T08:02:00.989Z] GET http://localhost:8765/index.html → 200 (13ms, -188B)
[2026-06-10T08:02:01.064Z] GET https://cdn.tailwindcss.com/ → 200 (?ms, -768B)
[2026-06-10T08:02:01.065Z] GET https://fonts.googleapis.com/css2?family=Inter:wght@400;500;600;700&display=swap → 200 (?ms, -743B)
[2026-06-10T08:02:01.066Z] GET http://localhost:8765/styles.css → 200 (?ms, -187B)
[2026-06-10T08:02:01.068Z] GET https://placehold.co/300x170?text=No+Video → 200 (?ms, -773B)
[2026-06-10T08:02:01.068Z] GET https://placehold.co/280x157.5/333333/FFFFFF?text=No+Thumbnail → pending (?ms, ?B)
[2026-06-10T08:02:01.068Z] GET http://localhost:8765/core-utils.js → 200 (?ms, -194B)
[2026-06-10T08:02:01.068Z] GET http://localhost:8765/core-obs.js → 404 (1ms, ?B)
[2026-06-10T08:02:01.068Z] GET http://localhost:8765/core-scheduler.js → 404 (88ms, ?B)
[2026-06-10T08:02:01.068Z] GET http://localhost:8765/player-loop.js → 404 (111ms, ?B)
[2026-06-10T08:02:01.068Z] GET http://localhost:8765/player-live.js → 404 (111ms, ?B)
[2026-06-10T08:02:01.068Z] GET http://localhost:8765/player-delay.js → 404 (111ms, ?B)
[2026-06-10T08:02:01.069Z] GET http://localhost:8765/player-localpc.js → 404 (110ms, ?B)
[2026-06-10T08:02:01.069Z] GET http://localhost:8765/monitor-live.js → 200 (110ms, 22798B)
[2026-06-10T08:02:01.069Z] GET http://localhost:8765/monitor-katha.js → 200 (110ms, 12917B)
[2026-06-10T08:02:01.069Z] GET http://localhost:8765/main.js → 404 (110ms, ?B)
[2026-06-10T08:02:01.155Z] GET https://fonts.gstatic.com/s/inter/v20/UcC73FwrK3iLTeHuS_nVMrMxCp50SjIa1ZL7W0Q5nw.woff2 → 200 (?ms, -815B)
[2026-06-10T08:02:01.179Z] GET https://placehold.co/280x157.5/333333/FFFFFF?text=No+Thumbnail → pending (?ms, ?B)
[2026-06-10T08:02:01.212Z] GET http://localhost:8765/proxy?url=https%3A%2F%2Fexample.com → 200 (75ms, 571B)
[2026-06-10T08:02:01.214Z] GET http://localhost:8765/proxy?url=https%3A%2F%2Fwww.youtube.com%2Fplaylist%3Flist%3DUULFQXWP4gEdEwlb6vodwrU75A → pending (?ms, ?B)
[2026-06-10T08:02:01.287Z] GET http://localhost:8765/proxy?url=https%3A%2F%2Fwww.youtube.com%2F%40swaminarayan%2Fstreams → pending (?ms, ?B)
[2026-06-10T08:02:02.054Z] GET https://placehold.co/280x157.5/1a1a2e/888?text=No+Live+Stream → pending (?ms, ?B)
[2026-06-10T08:02:02.054Z] GET https://placehold.co/280x157.5/1a1a2e/888?text=No+Upcoming+Event → pending (?ms, ?B)
[2026-06-10T08:02:03.160Z] GET http://localhost:8765/proxy?url=https%3A%2F%2Fwww.youtube.com%2Ffeeds%2Fvideos.xml%3Fchannel_id%3DUCQXWP4gEdEwlb6vodwrU75A → 200 (44ms, 40063B)
[2026-06-10T08:02:03.220Z] GET https://i.ytimg.com/vi/D4KmhzIW31o/hqdefault.jpg → pending (?ms, ?B)
[2026-06-10T08:02:03.220Z] GET https://i.ytimg.com/vi/X4h7LjQNidA/hqdefault.jpg → pending (?ms, ?B)
[2026-06-10T08:02:03.220Z] GET https://i.ytimg.com/vi/bmFzf93EReg/hqdefault.jpg → pending (?ms, ?B)
[2026-06-10T08:02:03.220Z] GET https://i.ytimg.com/vi/CPNLIbAYMkc/hqdefault.jpg → pending (?ms, ?B)
[2026-06-10T08:02:03.220Z] GET https://i.ytimg.com/vi/23h5kjvrr_U/hqdefault.jpg → pending (?ms, ?B)
[2026-06-10T08:02:03.220Z] GET https://i.ytimg.com/vi/lE7P8uxO2bs/hqdefault.jpg → pending (?ms, ?B)
[2026-06-10T08:02:03.220Z] GET https://i.ytimg.com/vi/i7Mz-7DH8Wc/hqdefault.jpg → pending (?ms, ?B)
[2026-06-10T08:02:03.220Z] GET https://i.ytimg.com/vi/Y2lQDRtGyO0/hqdefault.jpg → pending (?ms, ?B)
[2026-06-10T08:02:03.220Z] GET https://i.ytimg.com/vi/6-jngeb4nqs/hqdefault.jpg → pending (?ms, ?B)
[2026-06-10T08:02:03.220Z] GET https://i.ytimg.com/vi/3-DY-Eli7Ws/hqdefault.jpg → pending (?ms, ?B)
[2026-06-10T08:02:03.221Z] GET https://i.ytimg.com/vi/-EcW6u_yAqQ/hqdefault.jpg → pending (?ms, ?B)
[2026-06-10T08:02:03.221Z] GET https://i.ytimg.com/vi/1E3fCbUbrzA/hqdefault.jpg → pending (?ms, ?B)
[2026-06-10T08:02:03.221Z] GET https://i.ytimg.com/vi/LJScGOZGgD4/hqdefault.jpg → pending (?ms, ?B)
[2026-06-10T08:02:03.221Z] GET https://i.ytimg.com/vi/M2BhRtJVQ2M/hqdefault.jpg → pending (?ms, ?B)
[2026-06-10T08:02:03.221Z] GET https://i.ytimg.com/vi/OwjaRPnMYkw/hqdefault.jpg → pending (?ms, ?B)
[2026-06-10T08:02:31.216Z] GET http://localhost:8765/proxy?url=https%3A%2F%2Fwww.youtube.com%2F%40swaminarayan%2Fstreams → pending (?ms, ?B)
[2026-06-10T08:02:32.016Z] GET https://placehold.co/280x157.5/1a1a2e/888?text=No+Live+Stream → pending (?ms, ?B)
[2026-06-10T08:02:32.016Z] GET https://placehold.co/280x157.5/1a1a2e/888?text=No+Upcoming+Event → pending (?ms, ?B)
[2026-06-10T08:03:01.218Z] GET http://localhost:8765/proxy?url=https%3A%2F%2Fwww.youtube.com%2F%40swaminarayan%2Fstreams → pending (?ms, ?B)
[2026-06-10T08:03:01.983Z] GET https://placehold.co/280x157.5/1a1a2e/888?text=No+Live+Stream → pending (?ms, ?B)
[2026-06-10T08:03:01.983Z] GET https://placehold.co/280x157.5/1a1a2e/888?text=No+Upcoming+Event → pending (?ms, ?B)
[2026-06-10T08:03:31.217Z] GET http://localhost:8765/proxy?url=https%3A%2F%2Fwww.youtube.com%2F%40swaminarayan%2Fstreams → pending (?ms, ?B)
[2026-06-10T08:03:32.056Z] GET https://placehold.co/280x157.5/1a1a2e/888?text=No+Live+Stream → pending (?ms, ?B)
[2026-06-10T08:03:32.056Z] GET https://placehold.co/280x157.5/1a1a2e/888?text=No+Upcoming+Event → pending (?ms, ?B)
[2026-06-10T08:04:01.216Z] GET http://localhost:8765/proxy?url=https%3A%2F%2Fwww.youtube.com%2F%40swaminarayan%2Fstreams → pending (?ms, ?B)
[2026-06-10T08:04:01.965Z] GET https://placehold.co/280x157.5/1a1a2e/888?text=No+Live+Stream → pending (?ms, ?B)
[2026-06-10T08:04:01.965Z] GET https://placehold.co/280x157.5/1a1a2e/888?text=No+Upcoming+Event → pending (?ms, ?B)
[2026-06-10T08:04:31.218Z] GET http://localhost:8765/proxy?url=https%3A%2F%2Fwww.youtube.com%2F%40swaminarayan%2Fstreams → pending (?ms, ?B)
[2026-06-10T08:04:31.984Z] GET https://placehold.co/280x157.5/1a1a2e/888?text=No+Live+Stream → pending (?ms, ?B)
[2026-06-10T08:04:31.984Z] GET https://placehold.co/280x157.5/1a1a2e/888?text=No+Upcoming+Event → pending (?ms, ?B)
[2026-06-10T08:05:01.216Z] GET http://localhost:8765/proxy?url=https%3A%2F%2Fwww.youtube.com%2F%40swaminarayan%2Fstreams → pending (?ms, ?B)
[2026-06-10T08:05:01.982Z] GET https://placehold.co/280x157.5/1a1a2e/888?text=No+Live+Stream → pending (?ms, ?B)
[2026-06-10T08:05:01.982Z] GET https://placehold.co/280x157.5/1a1a2e/888?text=No+Upcoming+Event → pending (?ms, ?B)
[2026-06-10T08:05:31.217Z] GET http://localhost:8765/proxy?url=https%3A%2F%2Fwww.youtube.com%2F%40swaminarayan%2Fstreams → pending (?ms, ?B)
[2026-06-10T08:05:32.004Z] GET https://placehold.co/280x157.5/1a1a2e/888?text=No+Live+Stream → pending (?ms, ?B)
[2026-06-10T08:05:32.004Z] GET https://placehold.co/280x157.5/1a1a2e/888?text=No+Upcoming+Event → pending (?ms, ?B)
[2026-06-10T08:06:01.214Z] GET http://localhost:8765/proxy?url=https%3A%2F%2Fwww.youtube.com%2F%40swaminarayan%2Fstreams → pending (?ms, ?B)
[2026-06-10T08:06:02.011Z] GET https://placehold.co/280x157.5/1a1a2e/888?text=No+Live+Stream → pending (?ms, ?B)
[2026-06-10T08:06:02.011Z] GET https://placehold.co/280x157.5/1a1a2e/888?text=No+Upcoming+Event → pending (?ms, ?B)
[2026-06-10T08:06:31.211Z] GET http://localhost:8765/proxy?url=https%3A%2F%2Fwww.youtube.com%2F%40swaminarayan%2Fstreams → pending (?ms, ?B)
[2026-06-10T08:06:31.975Z] GET https://placehold.co/280x157.5/1a1a2e/888?text=No+Live+Stream → pending (?ms, ?B)
[2026-06-10T08:06:31.975Z] GET https://placehold.co/280x157.5/1a1a2e/888?text=No+Upcoming+Event → pending (?ms, ?B)
[2026-06-10T08:07:01.211Z] GET http://localhost:8765/proxy?url=https%3A%2F%2Fwww.youtube.com%2F%40swaminarayan%2Fstreams → pending (?ms, ?B)
[2026-06-10T08:07:02.006Z] GET https://placehold.co/280x157.5/1a1a2e/888?text=No+Live+Stream → pending (?ms, ?B)
[2026-06-10T08:07:02.006Z] GET https://placehold.co/280x157.5/1a1a2e/888?text=No+Upcoming+Event → pending (?ms, ?B)
[2026-06-10T08:07:31.211Z] GET http://localhost:8765/proxy?url=https%3A%2F%2Fwww.youtube.com%2F%40swaminarayan%2Fstreams → pending (?ms, ?B)
[2026-06-10T08:07:32.125Z] GET https://placehold.co/280x157.5/1a1a2e/888?text=No+Live+Stream → pending (?ms, ?B)
[2026-06-10T08:07:32.125Z] GET https://placehold.co/280x157.5/1a1a2e/888?text=No+Upcoming+Event → pending (?ms, ?B)
[2026-06-10T08:08:01.211Z] GET http://localhost:8765/proxy?url=https%3A%2F%2Fwww.youtube.com%2F%40swaminarayan%2Fstreams → pending (?ms, ?B)
[2026-06-10T08:08:02.162Z] GET https://placehold.co/280x157.5/1a1a2e/888?text=No+Live+Stream → pending (?ms, ?B)
[2026-06-10T08:08:02.162Z] GET https://placehold.co/280x157.5/1a1a2e/888?text=No+Upcoming+Event → pending (?ms, ?B)
[2026-06-10T08:08:31.219Z] GET http://localhost:8765/proxy?url=https%3A%2F%2Fwww.youtube.com%2F%40swaminarayan%2Fstreams → pending (?ms, ?B)
[2026-06-10T08:08:32.014Z] GET https://placehold.co/280x157.5/1a1a2e/888?text=No+Live+Stream → pending (?ms, ?B)
[2026-06-10T08:08:32.014Z] GET https://placehold.co/280x157.5/1a1a2e/888?text=No+Upcoming+Event → pending (?ms, ?B)
[2026-06-10T08:09:01.218Z] GET http://localhost:8765/proxy?url=https%3A%2F%2Fwww.youtube.com%2F%40swaminarayan%2Fstreams → pending (?ms, ?B)
[2026-06-10T08:09:02.009Z] GET https://placehold.co/280x157.5/1a1a2e/888?text=No+Live+Stream → pending (?ms, ?B)
[2026-06-10T08:09:02.009Z] GET https://placehold.co/280x157.5/1a1a2e/888?text=No+Upcoming+Event → pending (?ms, ?B)
[2026-06-10T08:09:31.205Z] GET http://localhost:8765/proxy?url=https%3A%2F%2Fwww.youtube.com%2F%40swaminarayan%2Fstreams → pending (?ms, ?B)
[2026-06-10T08:09:32.003Z] GET https://placehold.co/280x157.5/1a1a2e/888?text=No+Live+Stream → pending (?ms, ?B)
[2026-06-10T08:09:32.003Z] GET https://placehold.co/280x157.5/1a1a2e/888?text=No+Upcoming+Event → pending (?ms, ?B)
[2026-06-10T08:10:01.211Z] GET http://localhost:8765/proxy?url=https%3A%2F%2Fwww.youtube.com%2F%40swaminarayan%2Fstreams → pending (?ms, ?B)
[2026-06-10T08:10:02.061Z] GET https://placehold.co/280x157.5/1a1a2e/888?text=No+Live+Stream → pending (?ms, ?B)
[2026-06-10T08:10:02.061Z] GET https://placehold.co/280x157.5/1a1a2e/888?text=No+Upcoming+Event → pending (?ms, ?B)
[2026-06-10T08:10:31.205Z] GET http://localhost:8765/proxy?url=https%3A%2F%2Fwww.youtube.com%2F%40swaminarayan%2Fstreams → pending (?ms, ?B)
[2026-06-10T08:10:32.170Z] GET https://placehold.co/280x157.5/1a1a2e/888?text=No+Live+Stream → pending (?ms, ?B)
[2026-06-10T08:10:32.170Z] GET https://placehold.co/280x157.5/1a1a2e/888?text=No+Upcoming+Event → pending (?ms, ?B)
[2026-06-10T08:11:01.209Z] GET http://localhost:8765/proxy?url=https%3A%2F%2Fwww.youtube.com%2F%40swaminarayan%2Fstreams → pending (?ms, ?B)
[2026-06-10T08:11:02.002Z] GET https://placehold.co/280x157.5/1a1a2e/888?text=No+Live+Stream → pending (?ms, ?B)
[2026-06-10T08:11:02.002Z] GET https://placehold.co/280x157.5/1a1a2e/888?text=No+Upcoming+Event → pending (?ms, ?B)
[2026-06-10T08:11:31.266Z] GET http://localhost:8765/proxy?url=https%3A%2F%2Fwww.youtube.com%2F%40swaminarayan%2Fstreams → pending (?ms, ?B)
[2026-06-10T08:11:32.094Z] GET https://placehold.co/280x157.5/1a1a2e/888?text=No+Live+Stream → pending (?ms, ?B)
[2026-06-10T08:11:32.094Z] GET https://placehold.co/280x157.5/1a1a2e/888?text=No+Upcoming+Event → pending (?ms, ?B)
[2026-06-10T08:12:01.243Z] GET http://localhost:8765/proxy?url=https%3A%2F%2Fwww.youtube.com%2F%40swaminarayan%2Fstreams → pending (?ms, ?B)
[2026-06-10T08:12:02.159Z] GET https://placehold.co/280x157.5/1a1a2e/888?text=No+Live+Stream → pending (?ms, ?B)
[2026-06-10T08:12:02.159Z] GET https://placehold.co/280x157.5/1a1a2e/888?text=No+Upcoming+Event → pending (?ms, ?B)
[2026-06-10T08:12:31.209Z] GET http://localhost:8765/proxy?url=https%3A%2F%2Fwww.youtube.com%2F%40swaminarayan%2Fstreams → pending (?ms, ?B)
[2026-06-10T08:12:32.097Z] GET https://placehold.co/280x157.5/1a1a2e/888?text=No+Live+Stream → pending (?ms, ?B)
[2026-06-10T08:12:32.097Z] GET https://placehold.co/280x157.5/1a1a2e/888?text=No+Upcoming+Event → pending (?ms, ?B)
[2026-06-10T08:13:01.205Z] GET http://localhost:8765/proxy?url=https%3A%2F%2Fwww.youtube.com%2F%40swaminarayan%2Fstreams → 200 (779ms, 1088616B)
[2026-06-10T08:13:01.996Z] GET https://placehold.co/280x157.5/1a1a2e/888?text=No+Live+Stream → pending (?ms, ?B)
[2026-06-10T08:13:01.996Z] GET https://placehold.co/280x157.5/1a1a2e/888?text=No+Upcoming+Event → pending (?ms, ?B)
[2026-06-10T08:13:31.196Z] GET http://localhost:8765/proxy?url=https%3A%2F%2Fwww.youtube.com%2F%40swaminarayan%2Fstreams → 200 (753ms, 1098397B)
[2026-06-10T08:13:31.961Z] GET https://placehold.co/280x157.5/1a1a2e/888?text=No+Live+Stream → pending (?ms, ?B)
[2026-06-10T08:13:31.961Z] GET https://placehold.co/280x157.5/1a1a2e/888?text=No+Upcoming+Event → pending (?ms, ?B)
[2026-06-10T08:14:01.197Z] GET http://localhost:8765/proxy?url=https%3A%2F%2Fwww.youtube.com%2F%40swaminarayan%2Fstreams → 200 (829ms, 1097402B)
[2026-06-10T08:14:02.040Z] GET https://placehold.co/280x157.5/1a1a2e/888?text=No+Live+Stream → pending (?ms, ?B)
[2026-06-10T08:14:02.040Z] GET https://placehold.co/280x157.5/1a1a2e/888?text=No+Upcoming+Event → pending (?ms, ?B)
[2026-06-10T08:14:31.195Z] GET http://localhost:8765/proxy?url=https%3A%2F%2Fwww.youtube.com%2F%40swaminarayan%2Fstreams → 200 (788ms, 1097147B)
[2026-06-10T08:14:31.996Z] GET https://placehold.co/280x157.5/1a1a2e/888?text=No+Live+Stream → pending (?ms, ?B)
[2026-06-10T08:14:31.997Z] GET https://placehold.co/280x157.5/1a1a2e/888?text=No+Upcoming+Event → pending (?ms, ?B)
[2026-06-10T08:15:01.196Z] GET http://localhost:8765/proxy?url=https%3A%2F%2Fwww.youtube.com%2F%40swaminarayan%2Fstreams → 200 (815ms, 1091263B)
[2026-06-10T08:15:02.022Z] GET https://placehold.co/280x157.5/1a1a2e/888?text=No+Live+Stream → pending (?ms, ?B)
[2026-06-10T08:15:02.022Z] GET https://placehold.co/280x157.5/1a1a2e/888?text=No+Upcoming+Event → pending (?ms, ?B)
[2026-06-10T08:15:13.930Z] GET http://localhost:8765/index.html → 200 (4ms, -188B)
[2026-06-10T08:15:13.974Z] GET https://cdn.tailwindcss.com/ → 200 (?ms, -768B)
[2026-06-10T08:15:13.974Z] GET https://fonts.googleapis.com/css2?family=Inter:wght@400;500;600;700&display=swap → 200 (?ms, -743B)
[2026-06-10T08:15:13.974Z] GET http://localhost:8765/styles.css → 200 (2ms, 10410B)
[2026-06-10T08:15:13.974Z] GET https://placehold.co/300x170?text=No+Video → 200 (1ms, -773B)
[2026-06-10T08:15:13.975Z] GET https://placehold.co/280x157.5/333333/FFFFFF?text=No+Thumbnail → pending (?ms, ?B)
[2026-06-10T08:15:13.975Z] GET http://localhost:8765/core-utils.js → 200 (?ms, -194B)
[2026-06-10T08:15:13.975Z] GET http://localhost:8765/core-obs.js → 404 (3ms, ?B)
[2026-06-10T08:15:13.975Z] GET http://localhost:8765/core-scheduler.js → 404 (70ms, ?B)
[2026-06-10T08:15:13.975Z] GET http://localhost:8765/player-loop.js → 404 (91ms, ?B)
[2026-06-10T08:15:13.975Z] GET http://localhost:8765/player-live.js → 404 (91ms, ?B)
[2026-06-10T08:15:13.975Z] GET http://localhost:8765/player-delay.js → 404 (91ms, ?B)
[2026-06-10T08:15:13.975Z] GET http://localhost:8765/player-localpc.js → 404 (92ms, ?B)
[2026-06-10T08:15:13.975Z] GET http://localhost:8765/monitor-live.js → 200 (92ms, 25330B)
[2026-06-10T08:15:13.975Z] GET http://localhost:8765/monitor-katha.js → 200 (92ms, 12478B)
[2026-06-10T08:15:13.976Z] GET http://localhost:8765/main.js → 404 (90ms, ?B)
[2026-06-10T08:15:14.044Z] GET https://fonts.gstatic.com/s/inter/v20/UcC73FwrK3iLTeHuS_nVMrMxCp50SjIa1ZL7W0Q5nw.woff2 → 200 (1ms, -815B)
[2026-06-10T08:15:14.097Z] GET http://localhost:8765/proxy?url=https%3A%2F%2Fexample.com → 200 (59ms, 571B)
[2026-06-10T08:15:14.104Z] GET http://localhost:8765/proxy?url=https%3A%2F%2Fwww.youtube.com%2Fchannel%2FUCQXWP4gEdEwlb6vodwrU75A%2Fvideos → 200 (467ms, 1115564B)
[2026-06-10T08:15:14.156Z] GET http://localhost:8765/proxy?url=https%3A%2F%2Fwww.youtube.com%2F%40swaminarayan%2Fstreams → 200 (701ms, 1088757B)
[2026-06-10T08:15:14.867Z] GET https://www.youtube.com/oembed?url=https://www.youtube.com/watch?v=u9SEkGgmEbo&format=json → 200 (219ms, ?B)
[2026-06-10T08:15:14.867Z] GET https://www.youtube.com/oembed?url=https://www.youtube.com/watch?v=IxhiaOhb5L4&format=json → 200 (220ms, ?B)
[2026-06-10T08:15:15.094Z] GET https://i.ytimg.com/vi/u9SEkGgmEbo/hqdefault.jpg?v=697b5e7e&sqp=-oaymwEcCNACELwBSFXyq4qpAw4IARUAAIhCGAFwAcABBg==&rs=AOn4CLAD8pJpNj4t3DWK_TeIK3KKcMexhw → 200 (143ms, 20554B)
[2026-06-10T08:15:15.094Z] GET https://i.ytimg.com/vi/IxhiaOhb5L4/hqdefault.jpg?sqp=-oaymwEcCNACELwBSFXyq4qpAw4IARUAAIhCGAFwAcABBg==&rs=AOn4CLAglq625oX5_fRVptEW3jQX86GDLA → 200 (142ms, 21866B)
[2026-06-10T08:15:40.212Z] GET http://localhost:8765/index.html → 200 (2ms, 25637B)
[2026-06-10T08:15:40.222Z] GET https://cdn.tailwindcss.com/ → 200 (?ms, -768B)
[2026-06-10T08:15:40.223Z] GET https://fonts.googleapis.com/css2?family=Inter:wght@400;500;600;700&display=swap → 200 (1ms, -743B)
[2026-06-10T08:15:40.224Z] GET http://localhost:8765/styles.css → 200 (1ms, 10410B)
[2026-06-10T08:15:40.224Z] GET https://placehold.co/300x170?text=No+Video → 200 (?ms, -773B)
[2026-06-10T08:15:40.224Z] GET https://placehold.co/280x157.5/333333/FFFFFF?text=No+Thumbnail → pending (?ms, ?B)
[2026-06-10T08:15:40.224Z] GET http://localhost:8765/core-utils.js → 200 (?ms, -194B)
[2026-06-10T08:15:40.224Z] GET http://localhost:8765/core-obs.js → 404 (52ms, ?B)
[2026-06-10T08:15:40.224Z] GET http://localhost:8765/core-scheduler.js → 404 (52ms, ?B)
[2026-06-10T08:15:40.224Z] GET http://localhost:8765/player-loop.js → 404 (52ms, ?B)
[2026-06-10T08:15:40.224Z] GET http://localhost:8765/player-live.js → 404 (52ms, ?B)
[2026-06-10T08:15:40.225Z] GET http://localhost:8765/player-delay.js → 404 (51ms, ?B)
[2026-06-10T08:15:40.225Z] GET http://localhost:8765/player-localpc.js → 404 (51ms, ?B)
[2026-06-10T08:15:40.225Z] GET http://localhost:8765/monitor-live.js → 200 (52ms, 25330B)
[2026-06-10T08:15:40.225Z] GET http://localhost:8765/monitor-katha.js → 200 (52ms, 12462B)
[2026-06-10T08:15:40.225Z] GET http://localhost:8765/main.js → 404 (51ms, ?B)
[2026-06-10T08:15:40.271Z] GET https://fonts.gstatic.com/s/inter/v20/UcC73FwrK3iLTeHuS_nVMrMxCp50SjIa1ZL7W0Q5nw.woff2 → 200 (?ms, -815B)
[2026-06-10T08:15:40.277Z] GET http://localhost:8765/proxy?url=https%3A%2F%2Fexample.com → 200 (73ms, 571B)
[2026-06-10T08:15:40.277Z] GET http://localhost:8765/proxy?url=https%3A%2F%2Fwww.youtube.com%2Fchannel%2FUCQXWP4gEdEwlb6vodwrU75A%2Fvideos → 200 (337ms, 1095404B)
[2026-06-10T08:15:40.350Z] GET http://localhost:8765/proxy?url=https%3A%2F%2Fwww.youtube.com%2F%40swaminarayan%2Fstreams → 200 (705ms, 1096018B)
[2026-06-10T08:15:40.643Z] GET https://i.ytimg.com/vi/D4KmhzIW31o/hqdefault.jpg?sqp=-oaymwEcCNACELwBSFXyq4qpAw4IARUAAIhCGAFwAcABBg==&rs=AOn4CLCr9S7-qY0pM-PsZGYCsjimWJeZiw → 200 (73ms, 21345B)
[2026-06-10T08:15:40.643Z] GET https://i.ytimg.com/vi/X4h7LjQNidA/hqdefault.jpg?sqp=-oaymwEcCNACELwBSFXyq4qpAw4IARUAAIhCGAFwAcABBg==&rs=AOn4CLCP1FAFicBW2GTJUPu8UagL722KLg → 200 (94ms, 18300B)
[2026-06-10T08:15:40.643Z] GET https://i.ytimg.com/vi/bmFzf93EReg/hqdefault.jpg?sqp=-oaymwEcCNACELwBSFXyq4qpAw4IARUAAIhCGAFwAcABBg==&rs=AOn4CLCtUyBjmdiT0KAcunsSPa16nRWJ_A → 200 (79ms, 15231B)
[2026-06-10T08:15:40.643Z] GET https://i.ytimg.com/vi/CPNLIbAYMkc/hqdefault.jpg?sqp=-oaymwEcCNACELwBSFXyq4qpAw4IARUAAIhCGAFwAcABBg==&rs=AOn4CLDRHEotmCqTvb0Ccwoc6teyWcQV-w → 200 (108ms, 20763B)
[2026-06-10T08:15:40.643Z] GET https://i.ytimg.com/vi/23h5kjvrr_U/hqdefault.jpg?sqp=-oaymwEcCNACELwBSFXyq4qpAw4IARUAAIhCGAFwAcABBg==&rs=AOn4CLAmoD-H5GxlABMu-ojzVDiAhFpvdw → 200 (137ms, 23268B)
[2026-06-10T08:15:40.643Z] GET https://i.ytimg.com/vi/lE7P8uxO2bs/hqdefault.jpg?sqp=-oaymwEcCNACELwBSFXyq4qpAw4IARUAAIhCGAFwAcABBg==&rs=AOn4CLCStor4UpCujzhkHn4WEt-1JAOe-Q → 200 (304ms, 22262B)
[2026-06-10T08:15:40.646Z] GET https://i.ytimg.com/vi/i7Mz-7DH8Wc/hqdefault.jpg?sqp=-oaymwEcCNACELwBSFXyq4qpAw4IARUAAIhCGAFwAcABBg==&rs=AOn4CLBIyGtItjWB34uNObtvxgUNKabLkg → 200 (244ms, 22664B)
[2026-06-10T08:15:40.646Z] GET https://i.ytimg.com/vi/Y2lQDRtGyO0/hqdefault.jpg?sqp=-oaymwEcCNACELwBSFXyq4qpAw4IARUAAIhCGAFwAcABBg==&rs=AOn4CLCcZlilFReS_JiBhPuomBEeEhg9Lg → 200 (363ms, 15996B)
[2026-06-10T08:15:40.646Z] GET https://i.ytimg.com/vi/6-jngeb4nqs/hqdefault.jpg?sqp=-oaymwEcCNACELwBSFXyq4qpAw4IARUAAIhCGAFwAcABBg==&rs=AOn4CLAU7oVLxV6tmjz1RsFYxPCcD_FvqA → 200 (119ms, 15742B)
[2026-06-10T08:15:40.646Z] GET https://i.ytimg.com/vi/3-DY-Eli7Ws/hqdefault.jpg?sqp=-oaymwEcCNACELwBSFXyq4qpAw4IARUAAIhCGAFwAcABBg==&rs=AOn4CLBgBPW2jhGENT84xErezqqcCrSgqA → 200 (255ms, 18454B)
[2026-06-10T08:15:40.646Z] GET https://i.ytimg.com/vi/-EcW6u_yAqQ/hqdefault.jpg?sqp=-oaymwEcCNACELwBSFXyq4qpAw4IARUAAIhCGAFwAcABBg==&rs=AOn4CLD6iRWz9OqnUjRwFtRS6asFtWV9iA → 200 (349ms, 18990B)
[2026-06-10T08:15:40.646Z] GET https://i.ytimg.com/vi/1E3fCbUbrzA/hqdefault.jpg?sqp=-oaymwEcCNACELwBSFXyq4qpAw4IARUAAIhCGAFwAcABBg==&rs=AOn4CLAFWZtUZWvSJtmtMqQ1TbiUedz8yw → 200 (268ms, 16137B)
[2026-06-10T08:15:40.646Z] GET https://i.ytimg.com/vi/LJScGOZGgD4/hqdefault.jpg?sqp=-oaymwEcCNACELwBSFXyq4qpAw4IARUAAIhCGAFwAcABBg==&rs=AOn4CLAo86ChEwI_8ytLXuDZ5hIkk3AcWg → 200 (341ms, 18762B)
[2026-06-10T08:15:40.649Z] GET https://i.ytimg.com/vi/M2BhRtJVQ2M/hqdefault.jpg?sqp=-oaymwEcCNACELwBSFXyq4qpAw4IARUAAIhCGAFwAcABBg==&rs=AOn4CLAPE3Pw4dMUHgJgkZ1D0p7gGtZt4Q → 200 (176ms, 18401B)
[2026-06-10T08:15:40.649Z] GET https://i.ytimg.com/vi/OwjaRPnMYkw/hqdefault.jpg?sqp=-oaymwEcCNACELwBSFXyq4qpAw4IARUAAIhCGAFwAcABBg==&rs=AOn4CLAxqjRs9qggGv3tW_C48pmrbGuaHg → 200 (325ms, 16910B)
[2026-06-10T08:15:40.649Z] GET https://i.ytimg.com/vi/GKKRzP19Qgs/hqdefault.jpg?sqp=-oaymwEcCNACELwBSFXyq4qpAw4IARUAAIhCGAFwAcABBg==&rs=AOn4CLAWGPfKVTzC8jBR0TqhwV-OExw8zA → 200 (347ms, 16930B)
[2026-06-10T08:15:40.649Z] GET https://i.ytimg.com/vi/rgCybe6QNAA/hqdefault.jpg?sqp=-oaymwEcCNACELwBSFXyq4qpAw4IARUAAIhCGAFwAcABBg==&rs=AOn4CLCeeGJOFPmDp-zUpoE4Y_TRQRcUoA → 200 (318ms, 17680B)
[2026-06-10T08:15:40.649Z] GET https://i.ytimg.com/vi/JJSx3x3GyOU/hqdefault.jpg?sqp=-oaymwEcCNACELwBSFXyq4qpAw4IARUAAIhCGAFwAcABBg==&rs=AOn4CLDssNrLqr8LC0TbcHsZoEOx6DUvQg → 200 (284ms, 19288B)
[2026-06-10T08:15:40.649Z] GET https://i.ytimg.com/vi/twEoo8Sidz8/hqdefault.jpg?sqp=-oaymwEcCNACELwBSFXyq4qpAw4IARUAAIhCGAFwAcABBg==&rs=AOn4CLClQbK3LVyJot4T8ua0JeH2cbxBIg → 200 (165ms, 20779B)
[2026-06-10T08:15:40.649Z] GET https://i.ytimg.com/vi/pPEh9ul2NbI/hqdefault.jpg?sqp=-oaymwEcCNACELwBSFXyq4qpAw4IARUAAIhCGAFwAcABBg==&rs=AOn4CLAkzj9j2GPDOxxhkbvu2i8aBh9r3A → 200 (358ms, 19003B)
[2026-06-10T08:15:40.649Z] GET https://i.ytimg.com/vi/hqHYOrMg3Kg/hqdefault.jpg?sqp=-oaymwEcCNACELwBSFXyq4qpAw4IARUAAIhCGAFwAcABBg==&rs=AOn4CLDzPfnr5QrAV_iLG58B8t4wYN7u0g → 200 (189ms, 19637B)
[2026-06-10T08:15:40.649Z] GET https://i.ytimg.com/vi/wA1JZNOL9Jw/hqdefault.jpg?sqp=-oaymwEcCNACELwBSFXyq4qpAw4IARUAAIhCGAFwAcABBg==&rs=AOn4CLAa7_yw2D2_RJAlYZViw8pdLREI8Q → 200 (256ms, 18637B)
[2026-06-10T08:15:40.649Z] GET https://i.ytimg.com/vi/9uqynsNG51Q/hqdefault.jpg?sqp=-oaymwEcCNACELwBSFXyq4qpAw4IARUAAIhCGAFwAcABBg==&rs=AOn4CLCkp8IU3CewdYRA2kxJoH0NOzU82A → 200 (353ms, 15337B)
[2026-06-10T08:15:40.649Z] GET https://i.ytimg.com/vi/5erRLWoKvGo/hqdefault.jpg?sqp=-oaymwEcCNACELwBSFXyq4qpAw4IARUAAIhCGAFwAcABBg==&rs=AOn4CLAt3iyNuHfa_W9lq_gjXQT_g5y9ww → 200 (210ms, 16551B)
[2026-06-10T08:15:40.649Z] GET https://i.ytimg.com/vi/XOvctDVEmVA/hqdefault.jpg?sqp=-oaymwEcCNACELwBSFXyq4qpAw4IARUAAIhCGAFwAcABBg==&rs=AOn4CLBGDl-p5SaWvCxOL20PPmhkDGHXMA → 200 (364ms, 16547B)
[2026-06-10T08:15:40.649Z] GET https://i.ytimg.com/vi/VzPWSqb8Mww/hqdefault.jpg?sqp=-oaymwEcCNACELwBSFXyq4qpAw4IARUAAIhCGAFwAcABBg==&rs=AOn4CLCPcaZ0LBiGnzyu8v1ach3YXuzPpw → 200 (232ms, 17415B)
[2026-06-10T08:15:40.650Z] GET https://i.ytimg.com/vi/5n3QqyQEpHU/hqdefault.jpg?sqp=-oaymwEcCNACELwBSFXyq4qpAw4IARUAAIhCGAFwAcABBg==&rs=AOn4CLCmPYFLkaETdxXfFyR8Ifu6io4P8Q → 200 (267ms, 16136B)
[2026-06-10T08:15:40.650Z] GET https://i.ytimg.com/vi/odn2H7-Zt3E/hqdefault.jpg?sqp=-oaymwEcCNACELwBSFXyq4qpAw4IARUAAIhCGAFwAcABBg==&rs=AOn4CLD_XIIJmMUmxPtadBDVhwWeCyW1OA → 200 (275ms, 17818B)
[2026-06-10T08:15:40.650Z] GET https://i.ytimg.com/vi/NyPrjL0uVgA/hqdefault.jpg?sqp=-oaymwEcCNACELwBSFXyq4qpAw4IARUAAIhCGAFwAcABBg==&rs=AOn4CLDgDz8Xuv9udPUg_u1NBJJ3YsrxIw → 200 (331ms, 17642B)
[2026-06-10T08:15:40.650Z] GET https://i.ytimg.com/vi/09Rge4O0gEE/hqdefault.jpg?sqp=-oaymwEcCNACELwBSFXyq4qpAw4IARUAAIhCGAFwAcABBg==&rs=AOn4CLDF2nA-blIyCaNkpArcx7axahd9iw → 200 (287ms, 14393B)
[2026-06-10T08:15:41.064Z] GET https://www.youtube.com/oembed?url=https://www.youtube.com/watch?v=u9SEkGgmEbo&format=json → pending (?ms, ?B)
[2026-06-10T08:15:41.064Z] GET https://www.youtube.com/oembed?url=https://www.youtube.com/watch?v=IxhiaOhb5L4&format=json → pending (?ms, ?B)
[2026-06-10T08:15:41.175Z] GET https://i.ytimg.com/vi/u9SEkGgmEbo/hqdefault.jpg?v=697b5e7e&sqp=-oaymwEcCNACELwBSFXyq4qpAw4IARUAAIhCGAFwAcABBg==&rs=AOn4CLAD8pJpNj4t3DWK_TeIK3KKcMexhw → 200 (?ms, -644B)
[2026-06-10T08:15:41.176Z] GET https://i.ytimg.com/vi/IxhiaOhb5L4/hqdefault.jpg?sqp=-oaymwEcCNACELwBSFXyq4qpAw4IARUAAIhCGAFwAcABBg==&rs=AOn4CLAglq625oX5_fRVptEW3jQX86GDLA → 200 (?ms, -644B)
[2026-06-10T08:15:58.003Z] GET http://localhost:8765/index.html → 200 (6ms, 25637B)
[2026-06-10T08:15:58.016Z] GET https://cdn.tailwindcss.com/ → 200 (?ms, -768B)
[2026-06-10T08:15:58.017Z] GET https://fonts.googleapis.com/css2?family=Inter:wght@400;500;600;700&display=swap → 200 (?ms, -743B)
[2026-06-10T08:15:58.024Z] GET http://localhost:8765/styles.css → 200 (29ms, 10410B)
[2026-06-10T08:15:58.024Z] GET https://placehold.co/300x170?text=No+Video → 200 (?ms, -773B)
[2026-06-10T08:15:58.025Z] GET https://placehold.co/280x157.5/333333/FFFFFF?text=No+Thumbnail → pending (?ms, ?B)
[2026-06-10T08:15:58.025Z] GET http://localhost:8765/core-utils.js → 200 (3ms, -194B)
[2026-06-10T08:15:58.032Z] GET http://localhost:8765/core-obs.js → 404 (37ms, ?B)
[2026-06-10T08:15:58.032Z] GET http://localhost:8765/core-scheduler.js → 404 (37ms, ?B)
[2026-06-10T08:15:58.032Z] GET http://localhost:8765/player-loop.js → 404 (37ms, ?B)
[2026-06-10T08:15:58.032Z] GET http://localhost:8765/player-live.js → 404 (37ms, ?B)
[2026-06-10T08:15:58.032Z] GET http://localhost:8765/player-delay.js → 404 (37ms, ?B)
[2026-06-10T08:15:58.032Z] GET http://localhost:8765/player-localpc.js → 404 (37ms, ?B)
[2026-06-10T08:15:58.033Z] GET http://localhost:8765/monitor-live.js → 200 (37ms, 25330B)
[2026-06-10T08:15:58.033Z] GET http://localhost:8765/monitor-katha.js → 200 (36ms, 12462B)
[2026-06-10T08:15:58.033Z] GET http://localhost:8765/main.js → 404 (36ms, ?B)
[2026-06-10T08:15:58.064Z] GET https://fonts.gstatic.com/s/inter/v20/UcC73FwrK3iLTeHuS_nVMrMxCp50SjIa1ZL7W0Q5nw.woff2 → 200 (1ms, -815B)
[2026-06-10T08:15:58.070Z] GET http://localhost:8765/proxy?url=https%3A%2F%2Fexample.com → pending (?ms, ?B)
[2026-06-10T08:15:58.070Z] GET http://localhost:8765/proxy?url=https%3A%2F%2Fwww.youtube.com%2Fchannel%2FUCQXWP4gEdEwlb6vodwrU75A%2Fvideos → pending (?ms, ?B)
[2026-06-10T08:15:58.127Z] GET http://localhost:8765/proxy?url=https%3A%2F%2Fwww.youtube.com%2F%40swaminarayan%2Fstreams → 200 (923ms, 1087377B)
[2026-06-10T08:15:58.605Z] GET https://i.ytimg.com/vi/D4KmhzIW31o/hqdefault.jpg?sqp=-oaymwEcCNACELwBSFXyq4qpAw4IARUAAIhCGAFwAcABBg==&rs=AOn4CLCr9S7-qY0pM-PsZGYCsjimWJeZiw → 200 (?ms, -643B)
[2026-06-10T08:15:58.605Z] GET https://i.ytimg.com/vi/X4h7LjQNidA/hqdefault.jpg?sqp=-oaymwEcCNACELwBSFXyq4qpAw4IARUAAIhCGAFwAcABBg==&rs=AOn4CLCP1FAFicBW2GTJUPu8UagL722KLg → 200 (?ms, -651B)
[2026-06-10T08:15:58.606Z] GET https://i.ytimg.com/vi/bmFzf93EReg/hqdefault.jpg?sqp=-oaymwEcCNACELwBSFXyq4qpAw4IARUAAIhCGAFwAcABBg==&rs=AOn4CLCtUyBjmdiT0KAcunsSPa16nRWJ_A → 200 (?ms, -643B)
[2026-06-10T08:15:58.606Z] GET https://i.ytimg.com/vi/CPNLIbAYMkc/hqdefault.jpg?sqp=-oaymwEcCNACELwBSFXyq4qpAw4IARUAAIhCGAFwAcABBg==&rs=AOn4CLDRHEotmCqTvb0Ccwoc6teyWcQV-w → 200 (?ms, -643B)
[2026-06-10T08:15:58.606Z] GET https://i.ytimg.com/vi/23h5kjvrr_U/hqdefault.jpg?sqp=-oaymwEcCNACELwBSFXyq4qpAw4IARUAAIhCGAFwAcABBg==&rs=AOn4CLAmoD-H5GxlABMu-ojzVDiAhFpvdw → 200 (?ms, -644B)
[2026-06-10T08:15:58.607Z] GET https://i.ytimg.com/vi/lE7P8uxO2bs/hqdefault.jpg?sqp=-oaymwEcCNACELwBSFXyq4qpAw4IARUAAIhCGAFwAcABBg==&rs=AOn4CLCStor4UpCujzhkHn4WEt-1JAOe-Q → 200 (?ms, -644B)
[2026-06-10T08:15:58.607Z] GET https://i.ytimg.com/vi/i7Mz-7DH8Wc/hqdefault.jpg?sqp=-oaymwEcCNACELwBSFXyq4qpAw4IARUAAIhCGAFwAcABBg==&rs=AOn4CLBIyGtItjWB34uNObtvxgUNKabLkg → 200 (?ms, -644B)
[2026-06-10T08:15:58.608Z] GET https://i.ytimg.com/vi/Y2lQDRtGyO0/hqdefault.jpg?sqp=-oaymwEcCNACELwBSFXyq4qpAw4IARUAAIhCGAFwAcABBg==&rs=AOn4CLCcZlilFReS_JiBhPuomBEeEhg9Lg → 200 (?ms, -644B)
[2026-06-10T08:15:58.608Z] GET https://i.ytimg.com/vi/6-jngeb4nqs/hqdefault.jpg?sqp=-oaymwEcCNACELwBSFXyq4qpAw4IARUAAIhCGAFwAcABBg==&rs=AOn4CLAU7oVLxV6tmjz1RsFYxPCcD_FvqA → 200 (1ms, -644B)
[2026-06-10T08:15:58.609Z] GET https://i.ytimg.com/vi/3-DY-Eli7Ws/hqdefault.jpg?sqp=-oaymwEcCNACELwBSFXyq4qpAw4IARUAAIhCGAFwAcABBg==&rs=AOn4CLBgBPW2jhGENT84xErezqqcCrSgqA → 200 (?ms, -644B)
[2026-06-10T08:15:58.609Z] GET https://i.ytimg.com/vi/-EcW6u_yAqQ/hqdefault.jpg?sqp=-oaymwEcCNACELwBSFXyq4qpAw4IARUAAIhCGAFwAcABBg==&rs=AOn4CLD6iRWz9OqnUjRwFtRS6asFtWV9iA → 200 (1ms, -644B)
[2026-06-10T08:15:58.610Z] GET https://i.ytimg.com/vi/1E3fCbUbrzA/hqdefault.jpg?sqp=-oaymwEcCNACELwBSFXyq4qpAw4IARUAAIhCGAFwAcABBg==&rs=AOn4CLAFWZtUZWvSJtmtMqQ1TbiUedz8yw → 200 (?ms, -644B)
[2026-06-10T08:15:58.610Z] GET https://i.ytimg.com/vi/LJScGOZGgD4/hqdefault.jpg?sqp=-oaymwEcCNACELwBSFXyq4qpAw4IARUAAIhCGAFwAcABBg==&rs=AOn4CLAo86ChEwI_8ytLXuDZ5hIkk3AcWg → 200 (2ms, -644B)
[2026-06-10T08:15:58.612Z] GET https://i.ytimg.com/vi/M2BhRtJVQ2M/hqdefault.jpg?sqp=-oaymwEcCNACELwBSFXyq4qpAw4IARUAAIhCGAFwAcABBg==&rs=AOn4CLAPE3Pw4dMUHgJgkZ1D0p7gGtZt4Q → 200 (?ms, -644B)
[2026-06-10T08:15:58.614Z] GET https://i.ytimg.com/vi/OwjaRPnMYkw/hqdefault.jpg?sqp=-oaymwEcCNACELwBSFXyq4qpAw4IARUAAIhCGAFwAcABBg==&rs=AOn4CLAxqjRs9qggGv3tW_C48pmrbGuaHg → 200 (?ms, -644B)
[2026-06-10T08:15:58.614Z] GET https://i.ytimg.com/vi/GKKRzP19Qgs/hqdefault.jpg?sqp=-oaymwEcCNACELwBSFXyq4qpAw4IARUAAIhCGAFwAcABBg==&rs=AOn4CLAWGPfKVTzC8jBR0TqhwV-OExw8zA → 200 (?ms, -644B)
[2026-06-10T08:15:58.615Z] GET https://i.ytimg.com/vi/rgCybe6QNAA/hqdefault.jpg?sqp=-oaymwEcCNACELwBSFXyq4qpAw4IARUAAIhCGAFwAcABBg==&rs=AOn4CLCeeGJOFPmDp-zUpoE4Y_TRQRcUoA → 200 (?ms, -644B)
[2026-06-10T08:15:58.615Z] GET https://i.ytimg.com/vi/JJSx3x3GyOU/hqdefault.jpg?sqp=-oaymwEcCNACELwBSFXyq4qpAw4IARUAAIhCGAFwAcABBg==&rs=AOn4CLDssNrLqr8LC0TbcHsZoEOx6DUvQg → 200 (?ms, -644B)
[2026-06-10T08:15:58.616Z] GET https://i.ytimg.com/vi/twEoo8Sidz8/hqdefault.jpg?sqp=-oaymwEcCNACELwBSFXyq4qpAw4IARUAAIhCGAFwAcABBg==&rs=AOn4CLClQbK3LVyJot4T8ua0JeH2cbxBIg → 200 (?ms, -644B)
[2026-06-10T08:15:58.616Z] GET https://i.ytimg.com/vi/pPEh9ul2NbI/hqdefault.jpg?sqp=-oaymwEcCNACELwBSFXyq4qpAw4IARUAAIhCGAFwAcABBg==&rs=AOn4CLAkzj9j2GPDOxxhkbvu2i8aBh9r3A → 200 (1ms, -644B)
[2026-06-10T08:15:58.617Z] GET https://i.ytimg.com/vi/hqHYOrMg3Kg/hqdefault.jpg?sqp=-oaymwEcCNACELwBSFXyq4qpAw4IARUAAIhCGAFwAcABBg==&rs=AOn4CLDzPfnr5QrAV_iLG58B8t4wYN7u0g → 200 (?ms, -644B)
[2026-06-10T08:15:58.617Z] GET https://i.ytimg.com/vi/wA1JZNOL9Jw/hqdefault.jpg?sqp=-oaymwEcCNACELwBSFXyq4qpAw4IARUAAIhCGAFwAcABBg==&rs=AOn4CLAa7_yw2D2_RJAlYZViw8pdLREI8Q → 200 (1ms, -644B)
[2026-06-10T08:15:58.618Z] GET https://i.ytimg.com/vi/9uqynsNG51Q/hqdefault.jpg?sqp=-oaymwEcCNACELwBSFXyq4qpAw4IARUAAIhCGAFwAcABBg==&rs=AOn4CLCkp8IU3CewdYRA2kxJoH0NOzU82A → 200 (?ms, -644B)
[2026-06-10T08:15:58.618Z] GET https://i.ytimg.com/vi/5erRLWoKvGo/hqdefault.jpg?sqp=-oaymwEcCNACELwBSFXyq4qpAw4IARUAAIhCGAFwAcABBg==&rs=AOn4CLAt3iyNuHfa_W9lq_gjXQT_g5y9ww → 200 (2ms, -644B)
[2026-06-10T08:15:58.620Z] GET https://i.ytimg.com/vi/XOvctDVEmVA/hqdefault.jpg?sqp=-oaymwEcCNACELwBSFXyq4qpAw4IARUAAIhCGAFwAcABBg==&rs=AOn4CLBGDl-p5SaWvCxOL20PPmhkDGHXMA → 200 (?ms, -644B)
[2026-06-10T08:15:58.621Z] GET https://i.ytimg.com/vi/VzPWSqb8Mww/hqdefault.jpg?sqp=-oaymwEcCNACELwBSFXyq4qpAw4IARUAAIhCGAFwAcABBg==&rs=AOn4CLCPcaZ0LBiGnzyu8v1ach3YXuzPpw → 200 (?ms, -644B)
[2026-06-10T08:15:58.622Z] GET https://i.ytimg.com/vi/5n3QqyQEpHU/hqdefault.jpg?sqp=-oaymwEcCNACELwBSFXyq4qpAw4IARUAAIhCGAFwAcABBg==&rs=AOn4CLCmPYFLkaETdxXfFyR8Ifu6io4P8Q → 200 (?ms, -644B)
[2026-06-10T08:15:58.622Z] GET https://i.ytimg.com/vi/odn2H7-Zt3E/hqdefault.jpg?sqp=-oaymwEcCNACELwBSFXyq4qpAw4IARUAAIhCGAFwAcABBg==&rs=AOn4CLD_XIIJmMUmxPtadBDVhwWeCyW1OA → 200 (?ms, -644B)
[2026-06-10T08:15:58.622Z] GET https://i.ytimg.com/vi/NyPrjL0uVgA/hqdefault.jpg?sqp=-oaymwEcCNACELwBSFXyq4qpAw4IARUAAIhCGAFwAcABBg==&rs=AOn4CLDgDz8Xuv9udPUg_u1NBJJ3YsrxIw → 200 (?ms, -644B)
[2026-06-10T08:15:58.622Z] GET https://i.ytimg.com/vi/09Rge4O0gEE/hqdefault.jpg?sqp=-oaymwEcCNACELwBSFXyq4qpAw4IARUAAIhCGAFwAcABBg==&rs=AOn4CLDF2nA-blIyCaNkpArcx7axahd9iw → 200 (?ms, -644B)
[2026-06-10T08:15:59.060Z] GET https://www.youtube.com/oembed?url=https://www.youtube.com/watch?v=u9SEkGgmEbo&format=json → pending (?ms, ?B)
[2026-06-10T08:15:59.060Z] GET https://www.youtube.com/oembed?url=https://www.youtube.com/watch?v=IxhiaOhb5L4&format=json → pending (?ms, ?B)
[2026-06-10T08:15:59.195Z] GET https://i.ytimg.com/vi/u9SEkGgmEbo/hqdefault.jpg?v=697b5e7e&sqp=-oaymwEcCNACELwBSFXyq4qpAw4IARUAAIhCGAFwAcABBg==&rs=AOn4CLAD8pJpNj4t3DWK_TeIK3KKcMexhw → 200 (3ms, -644B)
[2026-06-10T08:15:59.195Z] GET https://i.ytimg.com/vi/IxhiaOhb5L4/hqdefault.jpg?sqp=-oaymwEcCNACELwBSFXyq4qpAw4IARUAAIhCGAFwAcABBg==&rs=AOn4CLAglq625oX5_fRVptEW3jQX86GDLA → 200 (3ms, -644B)
[2026-06-10T08:16:28.074Z] GET http://localhost:8765/proxy?url=https%3A%2F%2Fwww.youtube.com%2F%40swaminarayan%2Fstreams → pending (?ms, ?B)
[2026-06-10T08:16:28.856Z] GET https://www.youtube.com/oembed?url=https://www.youtube.com/watch?v=u9SEkGgmEbo&format=json → 200 (130ms, 458B)
[2026-06-10T08:16:28.856Z] GET https://www.youtube.com/oembed?url=https://www.youtube.com/watch?v=IxhiaOhb5L4&format=json → 200 (124ms, 502B)
[2026-06-10T08:16:58.067Z] GET http://localhost:8765/proxy?url=https%3A%2F%2Fwww.youtube.com%2F%40swaminarayan%2Fstreams → pending (?ms, ?B)
[2026-06-10T08:16:58.841Z] GET https://www.youtube.com/oembed?url=https://www.youtube.com/watch?v=u9SEkGgmEbo&format=json → 200 (118ms, 458B)
[2026-06-10T08:16:58.841Z] GET https://www.youtube.com/oembed?url=https://www.youtube.com/watch?v=IxhiaOhb5L4&format=json → 200 (118ms, 502B)
[2026-06-10T08:17:28.065Z] GET http://localhost:8765/proxy?url=https%3A%2F%2Fwww.youtube.com%2F%40swaminarayan%2Fstreams → pending (?ms, ?B)
[2026-06-10T08:17:28.843Z] GET https://www.youtube.com/oembed?url=https://www.youtube.com/watch?v=u9SEkGgmEbo&format=json → 200 (128ms, 458B)
[2026-06-10T08:17:28.843Z] GET https://www.youtube.com/oembed?url=https://www.youtube.com/watch?v=IxhiaOhb5L4&format=json → 200 (117ms, 502B)
[2026-06-10T08:17:58.077Z] GET http://localhost:8765/proxy?url=https%3A%2F%2Fwww.youtube.com%2F%40swaminarayan%2Fstreams → pending (?ms, ?B)
[2026-06-10T08:17:58.929Z] GET https://www.youtube.com/oembed?url=https://www.youtube.com/watch?v=u9SEkGgmEbo&format=json → 200 (113ms, 458B)
[2026-06-10T08:17:58.929Z] GET https://www.youtube.com/oembed?url=https://www.youtube.com/watch?v=IxhiaOhb5L4&format=json → 200 (119ms, 502B)
[2026-06-10T08:18:28.077Z] GET http://localhost:8765/proxy?url=https%3A%2F%2Fwww.youtube.com%2F%40swaminarayan%2Fstreams → pending (?ms, ?B)
[2026-06-10T08:18:28.858Z] GET https://www.youtube.com/oembed?url=https://www.youtube.com/watch?v=u9SEkGgmEbo&format=json → 200 (118ms, 458B)
[2026-06-10T08:18:28.858Z] GET https://www.youtube.com/oembed?url=https://www.youtube.com/watch?v=IxhiaOhb5L4&format=json → 200 (110ms, 502B)
[2026-06-10T08:18:58.069Z] GET http://localhost:8765/proxy?url=https%3A%2F%2Fwww.youtube.com%2F%40swaminarayan%2Fstreams → pending (?ms, ?B)
[2026-06-10T08:18:59.212Z] GET https://www.youtube.com/oembed?url=https://www.youtube.com/watch?v=u9SEkGgmEbo&format=json → pending (?ms, ?B)
[2026-06-10T08:18:59.212Z] GET https://www.youtube.com/oembed?url=https://www.youtube.com/watch?v=IxhiaOhb5L4&format=json → pending (?ms, ?B)
[2026-06-10T08:19:28.073Z] GET http://localhost:8765/proxy?url=https%3A%2F%2Fwww.youtube.com%2F%40swaminarayan%2Fstreams → pending (?ms, ?B)
[2026-06-10T08:19:28.902Z] GET https://www.youtube.com/oembed?url=https://www.youtube.com/watch?v=u9SEkGgmEbo&format=json → 200 (127ms, 458B)
[2026-06-10T08:19:28.902Z] GET https://www.youtube.com/oembed?url=https://www.youtube.com/watch?v=IxhiaOhb5L4&format=json → 200 (126ms, 502B)
[2026-06-10T08:19:58.070Z] GET http://localhost:8765/proxy?url=https%3A%2F%2Fwww.youtube.com%2F%40swaminarayan%2Fstreams → pending (?ms, ?B)
[2026-06-10T08:19:58.980Z] GET https://www.youtube.com/oembed?url=https://www.youtube.com/watch?v=u9SEkGgmEbo&format=json → 200 (117ms, 458B)
[2026-06-10T08:19:58.980Z] GET https://www.youtube.com/oembed?url=https://www.youtube.com/watch?v=IxhiaOhb5L4&format=json → 200 (113ms, 502B)
[2026-06-10T08:20:28.071Z] GET http://localhost:8765/proxy?url=https%3A%2F%2Fwww.youtube.com%2F%40swaminarayan%2Fstreams → pending (?ms, ?B)
[2026-06-10T08:20:28.869Z] GET https://www.youtube.com/oembed?url=https://www.youtube.com/watch?v=u9SEkGgmEbo&format=json → 200 (120ms, 458B)
[2026-06-10T08:20:28.869Z] GET https://www.youtube.com/oembed?url=https://www.youtube.com/watch?v=IxhiaOhb5L4&format=json → 200 (120ms, 502B)
[2026-06-10T08:20:58.068Z] GET http://localhost:8765/proxy?url=https%3A%2F%2Fwww.youtube.com%2F%40swaminarayan%2Fstreams → pending (?ms, ?B)
[2026-06-10T08:20:58.854Z] GET https://www.youtube.com/oembed?url=https://www.youtube.com/watch?v=u9SEkGgmEbo&format=json → 200 (114ms, 458B)
[2026-06-10T08:20:58.854Z] GET https://www.youtube.com/oembed?url=https://www.youtube.com/watch?v=IxhiaOhb5L4&format=json → 200 (112ms, 502B)
[2026-06-10T08:21:28.062Z] GET http://localhost:8765/proxy?url=https%3A%2F%2Fwww.youtube.com%2F%40swaminarayan%2Fstreams → pending (?ms, ?B)
[2026-06-10T08:21:28.845Z] GET https://www.youtube.com/oembed?url=https://www.youtube.com/watch?v=u9SEkGgmEbo&format=json → 200 (124ms, 458B)
[2026-06-10T08:21:28.845Z] GET https://www.youtube.com/oembed?url=https://www.youtube.com/watch?v=IxhiaOhb5L4&format=json → 200 (116ms, 502B)
[2026-06-10T08:21:58.062Z] GET http://localhost:8765/proxy?url=https%3A%2F%2Fwww.youtube.com%2F%40swaminarayan%2Fstreams → pending (?ms, ?B)
[2026-06-10T08:21:58.877Z] GET https://www.youtube.com/oembed?url=https://www.youtube.com/watch?v=u9SEkGgmEbo&format=json → 200 (118ms, 458B)
[2026-06-10T08:21:58.877Z] GET https://www.youtube.com/oembed?url=https://www.youtube.com/watch?v=IxhiaOhb5L4&format=json → 200 (114ms, 502B)
[2026-06-10T08:22:28.067Z] GET http://localhost:8765/proxy?url=https%3A%2F%2Fwww.youtube.com%2F%40swaminarayan%2Fstreams → pending (?ms, ?B)
[2026-06-10T08:22:28.880Z] GET https://www.youtube.com/oembed?url=https://www.youtube.com/watch?v=u9SEkGgmEbo&format=json → 200 (122ms, 458B)
[2026-06-10T08:22:28.880Z] GET https://www.youtube.com/oembed?url=https://www.youtube.com/watch?v=IxhiaOhb5L4&format=json → 200 (119ms, 502B)
[2026-06-10T08:22:29.004Z] GET https://i.ytimg.com/vi/u9SEkGgmEbo/hqdefault.jpg?v=697b5e7e&sqp=-oaymwEgCNACELwBSFXyq4qpAxIIARUAAIhCGAFwAcABBrgC9xg=&rs=AOn4CLCvKIMbLpDlLFu_iL8gCyp0XUERzg → 200 (342ms, 20554B)
[2026-06-10T08:22:29.005Z] GET https://i.ytimg.com/vi/IxhiaOhb5L4/hqdefault.jpg?sqp=-oaymwEgCNACELwBSFXyq4qpAxIIARUAAIhCGAFwAcABBrgC9xg=&rs=AOn4CLCvGP3z5gmBClyBGcOKwtv0qbhHQA → 200 (239ms, 21866B)
[2026-06-10T08:22:58.061Z] GET http://localhost:8765/proxy?url=https%3A%2F%2Fwww.youtube.com%2F%40swaminarayan%2Fstreams → pending (?ms, ?B)
[2026-06-10T08:22:58.904Z] GET https://www.youtube.com/oembed?url=https://www.youtube.com/watch?v=u9SEkGgmEbo&format=json → 200 (135ms, 458B)
[2026-06-10T08:22:58.904Z] GET https://www.youtube.com/oembed?url=https://www.youtube.com/watch?v=IxhiaOhb5L4&format=json → 200 (114ms, 502B)
[2026-06-10T08:23:28.060Z] GET http://localhost:8765/proxy?url=https%3A%2F%2Fwww.youtube.com%2F%40swaminarayan%2Fstreams → pending (?ms, ?B)
[2026-06-10T08:23:28.826Z] GET https://www.youtube.com/oembed?url=https://www.youtube.com/watch?v=u9SEkGgmEbo&format=json → 200 (115ms, 458B)
[2026-06-10T08:23:28.826Z] GET https://www.youtube.com/oembed?url=https://www.youtube.com/watch?v=IxhiaOhb5L4&format=json → 200 (115ms, 502B)
[2026-06-10T08:23:58.058Z] GET http://localhost:8765/proxy?url=https%3A%2F%2Fwww.youtube.com%2F%40swaminarayan%2Fstreams → pending (?ms, ?B)
[2026-06-10T08:23:58.897Z] GET https://www.youtube.com/oembed?url=https://www.youtube.com/watch?v=u9SEkGgmEbo&format=json → 200 (112ms, 458B)
[2026-06-10T08:23:58.897Z] GET https://www.youtube.com/oembed?url=https://www.youtube.com/watch?v=IxhiaOhb5L4&format=json → 200 (103ms, 502B)
[2026-06-10T08:23:59.010Z] GET https://i.ytimg.com/vi/u9SEkGgmEbo/hqdefault.jpg?v=697b5e7e&sqp=-oaymwEgCNACELwBSFXyq4qpAxIIARUAAIhCGAFwAcABBrgC9xg=&rs=AOn4CLCvKIMbLpDlLFu_iL8gCyp0XUERzg → 200 (6ms, -644B)
[2026-06-10T08:23:59.011Z] GET https://i.ytimg.com/vi/IxhiaOhb5L4/hqdefault.jpg?sqp=-oaymwEgCNACELwBSFXyq4qpAxIIARUAAIhCGAFwAcABBrgC9xg=&rs=AOn4CLCvGP3z5gmBClyBGcOKwtv0qbhHQA → 200 (8ms, -644B)
[2026-06-10T08:24:28.059Z] GET http://localhost:8765/proxy?url=https%3A%2F%2Fwww.youtube.com%2F%40swaminarayan%2Fstreams → pending (?ms, ?B)
[2026-06-10T08:24:28.923Z] GET https://www.youtube.com/oembed?url=https://www.youtube.com/watch?v=u9SEkGgmEbo&format=json → 200 (112ms, 458B)
[2026-06-10T08:24:28.923Z] GET https://www.youtube.com/oembed?url=https://www.youtube.com/watch?v=IxhiaOhb5L4&format=json → 200 (112ms, 502B)
[2026-06-10T08:24:58.055Z] GET http://localhost:8765/proxy?url=https%3A%2F%2Fwww.youtube.com%2F%40swaminarayan%2Fstreams → pending (?ms, ?B)
[2026-06-10T08:24:58.813Z] GET https://www.youtube.com/oembed?url=https://www.youtube.com/watch?v=u9SEkGgmEbo&format=json → 200 (125ms, 458B)
[2026-06-10T08:24:58.813Z] GET https://www.youtube.com/oembed?url=https://www.youtube.com/watch?v=IxhiaOhb5L4&format=json → 200 (111ms, 502B)
[2026-06-10T08:25:28.056Z] GET http://localhost:8765/proxy?url=https%3A%2F%2Fwww.youtube.com%2F%40swaminarayan%2Fstreams → pending (?ms, ?B)
[2026-06-10T08:25:29.219Z] GET https://www.youtube.com/oembed?url=https://www.youtube.com/watch?v=u9SEkGgmEbo&format=json → 200 (122ms, 458B)
[2026-06-10T08:25:29.219Z] GET https://www.youtube.com/oembed?url=https://www.youtube.com/watch?v=IxhiaOhb5L4&format=json → 200 (122ms, 502B)
[2026-06-10T08:25:58.056Z] GET http://localhost:8765/proxy?url=https%3A%2F%2Fwww.youtube.com%2F%40swaminarayan%2Fstreams → pending (?ms, ?B)
[2026-06-10T08:25:58.817Z] GET https://www.youtube.com/oembed?url=https://www.youtube.com/watch?v=u9SEkGgmEbo&format=json → 200 (115ms, 458B)
[2026-06-10T08:25:58.817Z] GET https://www.youtube.com/oembed?url=https://www.youtube.com/watch?v=IxhiaOhb5L4&format=json → 200 (114ms, 502B)
[2026-06-10T08:26:28.056Z] GET http://localhost:8765/proxy?url=https%3A%2F%2Fwww.youtube.com%2F%40swaminarayan%2Fstreams → pending (?ms, ?B)
[2026-06-10T08:26:28.919Z] GET https://www.youtube.com/oembed?url=https://www.youtube.com/watch?v=u9SEkGgmEbo&format=json → 200 (112ms, 458B)
[2026-06-10T08:26:28.919Z] GET https://www.youtube.com/oembed?url=https://www.youtube.com/watch?v=IxhiaOhb5L4&format=json → 200 (115ms, 502B)
[2026-06-10T08:26:58.053Z] GET http://localhost:8765/proxy?url=https%3A%2F%2Fwww.youtube.com%2F%40swaminarayan%2Fstreams → pending (?ms, ?B)
[2026-06-10T08:26:58.831Z] GET https://www.youtube.com/oembed?url=https://www.youtube.com/watch?v=u9SEkGgmEbo&format=json → 200 (113ms, 458B)
[2026-06-10T08:26:58.831Z] GET https://www.youtube.com/oembed?url=https://www.youtube.com/watch?v=IxhiaOhb5L4&format=json → 200 (118ms, 502B)
[2026-06-10T08:27:28.052Z] GET http://localhost:8765/proxy?url=https%3A%2F%2Fwww.youtube.com%2F%40swaminarayan%2Fstreams → pending (?ms, ?B)
[2026-06-10T08:27:28.862Z] GET https://www.youtube.com/oembed?url=https://www.youtube.com/watch?v=u9SEkGgmEbo&format=json → 200 (119ms, 458B)
[2026-06-10T08:27:28.862Z] GET https://www.youtube.com/oembed?url=https://www.youtube.com/watch?v=IxhiaOhb5L4&format=json → 200 (127ms, 502B)
[2026-06-10T08:27:58.051Z] GET http://localhost:8765/proxy?url=https%3A%2F%2Fwww.youtube.com%2F%40swaminarayan%2Fstreams → pending (?ms, ?B)
[2026-06-10T08:28:00.066Z] GET https://www.youtube.com/oembed?url=https://www.youtube.com/watch?v=u9SEkGgmEbo&format=json → 200 (127ms, 458B)
[2026-06-10T08:28:00.066Z] GET https://www.youtube.com/oembed?url=https://www.youtube.com/watch?v=IxhiaOhb5L4&format=json → 200 (127ms, 502B)
[2026-06-10T08:28:28.048Z] GET http://localhost:8765/proxy?url=https%3A%2F%2Fwww.youtube.com%2F%40swaminarayan%2Fstreams → pending (?ms, ?B)
[2026-06-10T08:28:28.776Z] GET https://www.youtube.com/oembed?url=https://www.youtube.com/watch?v=u9SEkGgmEbo&format=json → 200 (141ms, 458B)
[2026-06-10T08:28:28.776Z] GET https://www.youtube.com/oembed?url=https://www.youtube.com/watch?v=IxhiaOhb5L4&format=json → 200 (120ms, 502B)
[2026-06-10T08:28:58.048Z] GET http://localhost:8765/proxy?url=https%3A%2F%2Fwww.youtube.com%2F%40swaminarayan%2Fstreams → 200 (656ms, ?B)
[2026-06-10T08:28:58.717Z] GET https://www.youtube.com/oembed?url=https://www.youtube.com/watch?v=u9SEkGgmEbo&format=json → 200 (103ms, 458B)
[2026-06-10T08:28:58.717Z] GET https://www.youtube.com/oembed?url=https://www.youtube.com/watch?v=IxhiaOhb5L4&format=json → 200 (102ms, 502B)
[2026-06-10T08:29:28.047Z] GET http://localhost:8765/proxy?url=https%3A%2F%2Fwww.youtube.com%2F%40swaminarayan%2Fstreams → pending (?ms, ?B)
[2026-06-10T08:29:28.834Z] GET https://www.youtube.com/oembed?url=https://www.youtube.com/watch?v=u9SEkGgmEbo&format=json → 200 (102ms, 458B)
[2026-06-10T08:29:28.834Z] GET https://www.youtube.com/oembed?url=https://www.youtube.com/watch?v=IxhiaOhb5L4&format=json → 200 (105ms, 502B)
[2026-06-10T08:29:58.046Z] GET http://localhost:8765/proxy?url=https%3A%2F%2Fwww.youtube.com%2F%40swaminarayan%2Fstreams → pending (?ms, ?B)
[2026-06-10T08:29:58.885Z] GET https://www.youtube.com/oembed?url=https://www.youtube.com/watch?v=u9SEkGgmEbo&format=json → 200 (135ms, 458B)
[2026-06-10T08:29:58.885Z] GET https://www.youtube.com/oembed?url=https://www.youtube.com/watch?v=IxhiaOhb5L4&format=json → 200 (106ms, 502B)
[2026-06-10T08:30:28.048Z] GET http://localhost:8765/proxy?url=https%3A%2F%2Fwww.youtube.com%2F%40swaminarayan%2Fstreams → pending (?ms, ?B)
[2026-06-10T08:30:28.938Z] GET https://www.youtube.com/oembed?url=https://www.youtube.com/watch?v=u9SEkGgmEbo&format=json → 200 (155ms, 458B)
[2026-06-10T08:30:28.938Z] GET https://www.youtube.com/oembed?url=https://www.youtube.com/watch?v=IxhiaOhb5L4&format=json → 200 (163ms, 502B)
[2026-06-10T08:30:58.045Z] GET http://localhost:8765/proxy?url=https%3A%2F%2Fwww.youtube.com%2F%40swaminarayan%2Fstreams → pending (?ms, ?B)
[2026-06-10T08:30:58.883Z] GET https://www.youtube.com/oembed?url=https://www.youtube.com/watch?v=u9SEkGgmEbo&format=json → 200 (126ms, 458B)
[2026-06-10T08:30:58.883Z] GET https://www.youtube.com/oembed?url=https://www.youtube.com/watch?v=IxhiaOhb5L4&format=json → 200 (205ms, 502B)
[2026-06-10T08:31:28.043Z] GET http://localhost:8765/proxy?url=https%3A%2F%2Fwww.youtube.com%2F%40swaminarayan%2Fstreams → pending (?ms, ?B)
[2026-06-10T08:31:28.905Z] GET https://www.youtube.com/oembed?url=https://www.youtube.com/watch?v=u9SEkGgmEbo&format=json → 200 (135ms, 458B)
[2026-06-10T08:31:28.905Z] GET https://www.youtube.com/oembed?url=https://www.youtube.com/watch?v=IxhiaOhb5L4&format=json → 200 (128ms, 502B)
[2026-06-10T08:31:58.043Z] GET http://localhost:8765/proxy?url=https%3A%2F%2Fwww.youtube.com%2F%40swaminarayan%2Fstreams → 200 (844ms, 1086330B)
[2026-06-10T08:31:58.899Z] GET https://www.youtube.com/oembed?url=https://www.youtube.com/watch?v=u9SEkGgmEbo&format=json → 200 (137ms, 458B)
[2026-06-10T08:31:58.899Z] GET https://www.youtube.com/oembed?url=https://www.youtube.com/watch?v=IxhiaOhb5L4&format=json → 200 (139ms, 502B)
[2026-06-10T08:32:28.041Z] GET http://localhost:8765/proxy?url=https%3A%2F%2Fwww.youtube.com%2F%40swaminarayan%2Fstreams → 200 (821ms, 1092717B)
[2026-06-10T08:32:28.872Z] GET https://www.youtube.com/oembed?url=https://www.youtube.com/watch?v=u9SEkGgmEbo&format=json → pending (?ms, ?B)
[2026-06-10T08:32:28.872Z] GET https://www.youtube.com/oembed?url=https://www.youtube.com/watch?v=IxhiaOhb5L4&format=json → pending (?ms, ?B)
[2026-06-10T08:32:58.040Z] GET http://localhost:8765/proxy?url=https%3A%2F%2Fwww.youtube.com%2F%40swaminarayan%2Fstreams → 200 (768ms, 1107229B)
[2026-06-10T08:32:58.820Z] GET https://www.youtube.com/oembed?url=https://www.youtube.com/watch?v=u9SEkGgmEbo&format=json → 200 (120ms, ?B)
[2026-06-10T08:32:58.821Z] GET https://www.youtube.com/oembed?url=https://www.youtube.com/watch?v=IxhiaOhb5L4&format=json → pending (?ms, ?B)
[2026-06-10T08:33:28.039Z] GET http://localhost:8765/proxy?url=https%3A%2F%2Fwww.youtube.com%2F%40swaminarayan%2Fstreams → 200 (864ms, 1104241B)
[2026-06-10T08:33:28.917Z] GET https://www.youtube.com/oembed?url=https://www.youtube.com/watch?v=u9SEkGgmEbo&format=json → pending (?ms, ?B)
[2026-06-10T08:33:28.917Z] GET https://www.youtube.com/oembed?url=https://www.youtube.com/watch?v=IxhiaOhb5L4&format=json → pending (?ms, ?B)
[2026-06-10T08:33:58.086Z] GET http://localhost:8765/proxy?url=https%3A%2F%2Fwww.youtube.com%2F%40swaminarayan%2Fstreams → 200 (776ms, 1107988B)
[2026-06-10T08:33:58.884Z] GET https://www.youtube.com/oembed?url=https://www.youtube.com/watch?v=u9SEkGgmEbo&format=json → pending (?ms, ?B)
[2026-06-10T08:33:58.884Z] GET https://www.youtube.com/oembed?url=https://www.youtube.com/watch?v=IxhiaOhb5L4&format=json → pending (?ms, ?B)
[2026-06-10T08:34:28.040Z] GET http://localhost:8765/proxy?url=https%3A%2F%2Fwww.youtube.com%2F%40swaminarayan%2Fstreams → 200 (756ms, 1092047B)
[2026-06-10T08:34:28.808Z] GET https://www.youtube.com/oembed?url=https://www.youtube.com/watch?v=u9SEkGgmEbo&format=json → 200 (109ms, 458B)
[2026-06-10T08:34:28.808Z] GET https://www.youtube.com/oembed?url=https://www.youtube.com/watch?v=IxhiaOhb5L4&format=json → 200 (112ms, 502B)
[2026-06-10T08:34:58.041Z] GET http://localhost:8765/proxy?url=https%3A%2F%2Fwww.youtube.com%2F%40swaminarayan%2Fstreams → 200 (844ms, 1122570B)
[2026-06-10T08:34:58.899Z] GET https://www.youtube.com/oembed?url=https://www.youtube.com/watch?v=u9SEkGgmEbo&format=json → 200 (132ms, 458B)
[2026-06-10T08:34:58.899Z] GET https://www.youtube.com/oembed?url=https://www.youtube.com/watch?v=IxhiaOhb5L4&format=json → pending (?ms, ?B)
[2026-06-10T08:35:28.040Z] GET http://localhost:8765/proxy?url=https%3A%2F%2Fwww.youtube.com%2F%40swaminarayan%2Fstreams → pending (?ms, ?B)
[2026-06-10T08:35:28.963Z] GET https://www.youtube.com/oembed?url=https://www.youtube.com/watch?v=u9SEkGgmEbo&format=json → pending (?ms, ?B)
[2026-06-10T08:35:28.963Z] GET https://www.youtube.com/oembed?url=https://www.youtube.com/watch?v=IxhiaOhb5L4&format=json → pending (?ms, ?B)
[2026-06-10T08:35:58.042Z] GET http://localhost:8765/proxy?url=https%3A%2F%2Fwww.youtube.com%2F%40swaminarayan%2Fstreams → pending (?ms, ?B)
[2026-06-10T08:35:58.831Z] GET https://www.youtube.com/oembed?url=https://www.youtube.com/watch?v=u9SEkGgmEbo&format=json → 200 (114ms, 458B)
[2026-06-10T08:35:58.831Z] GET https://www.youtube.com/oembed?url=https://www.youtube.com/watch?v=IxhiaOhb5L4&format=json → 200 (111ms, 502B)
[2026-06-10T08:36:28.038Z] GET http://localhost:8765/proxy?url=https%3A%2F%2Fwww.youtube.com%2F%40swaminarayan%2Fstreams → pending (?ms, ?B)
[2026-06-10T08:36:28.865Z] GET https://www.youtube.com/oembed?url=https://www.youtube.com/watch?v=u9SEkGgmEbo&format=json → 200 (131ms, 458B)
[2026-06-10T08:36:28.865Z] GET https://www.youtube.com/oembed?url=https://www.youtube.com/watch?v=IxhiaOhb5L4&format=json → 200 (139ms, 502B)
[2026-06-10T08:36:58.039Z] GET http://localhost:8765/proxy?url=https%3A%2F%2Fwww.youtube.com%2F%40swaminarayan%2Fstreams → pending (?ms, ?B)
[2026-06-10T08:36:58.935Z] GET https://www.youtube.com/oembed?url=https://www.youtube.com/watch?v=u9SEkGgmEbo&format=json → 200 (127ms, 458B)
[2026-06-10T08:36:58.935Z] GET https://www.youtube.com/oembed?url=https://www.youtube.com/watch?v=IxhiaOhb5L4&format=json → 200 (125ms, 502B)
[2026-06-10T08:37:28.036Z] GET http://localhost:8765/proxy?url=https%3A%2F%2Fwww.youtube.com%2F%40swaminarayan%2Fstreams → pending (?ms, ?B)
[2026-06-10T08:37:28.849Z] GET https://www.youtube.com/oembed?url=https://www.youtube.com/watch?v=u9SEkGgmEbo&format=json → 200 (115ms, 458B)
[2026-06-10T08:37:28.849Z] GET https://www.youtube.com/oembed?url=https://www.youtube.com/watch?v=IxhiaOhb5L4&format=json → 200 (118ms, 502B)
[2026-06-10T08:37:58.035Z] GET http://localhost:8765/proxy?url=https%3A%2F%2Fwww.youtube.com%2F%40swaminarayan%2Fstreams → pending (?ms, ?B)
[2026-06-10T08:37:58.887Z] GET https://www.youtube.com/oembed?url=https://www.youtube.com/watch?v=u9SEkGgmEbo&format=json → 200 (127ms, 458B)
[2026-06-10T08:37:58.887Z] GET https://www.youtube.com/oembed?url=https://www.youtube.com/watch?v=IxhiaOhb5L4&format=json → 200 (120ms, 502B)
[2026-06-10T08:38:28.034Z] GET http://localhost:8765/proxy?url=https%3A%2F%2Fwww.youtube.com%2F%40swaminarayan%2Fstreams → pending (?ms, ?B)
[2026-06-10T08:38:28.821Z] GET https://www.youtube.com/oembed?url=https://www.youtube.com/watch?v=u9SEkGgmEbo&format=json → 200 (120ms, 458B)
[2026-06-10T08:38:28.821Z] GET https://www.youtube.com/oembed?url=https://www.youtube.com/watch?v=IxhiaOhb5L4&format=json → 200 (115ms, 502B)
[2026-06-10T08:38:58.032Z] GET http://localhost:8765/proxy?url=https%3A%2F%2Fwww.youtube.com%2F%40swaminarayan%2Fstreams → pending (?ms, ?B)
[2026-06-10T08:38:58.949Z] GET https://www.youtube.com/oembed?url=https://www.youtube.com/watch?v=u9SEkGgmEbo&format=json → 200 (127ms, 458B)
[2026-06-10T08:38:58.949Z] GET https://www.youtube.com/oembed?url=https://www.youtube.com/watch?v=IxhiaOhb5L4&format=json → 200 (124ms, 502B)
[2026-06-10T08:38:59.079Z] GET https://i.ytimg.com/vi/u9SEkGgmEbo/hqdefault.jpg?v=697b5e7e&sqp=-oaymwEgCNACELwBSFXyq4qpAxIIARUAAIhCGAFwAcABBrgC8xg=&rs=AOn4CLCrjJDrtNTLi4pXF40tmQfROCWtHw → pending (?ms, ?B)
[2026-06-10T08:38:59.079Z] GET https://i.ytimg.com/vi/IxhiaOhb5L4/hqdefault.jpg?sqp=-oaymwEgCNACELwBSFXyq4qpAxIIARUAAIhCGAFwAcABBrgC8xg=&rs=AOn4CLBF7rpSAeosKnXdeIBDm2KZqqrfWA → pending (?ms, ?B)
[2026-06-10T08:39:28.034Z] GET http://localhost:8765/proxy?url=https%3A%2F%2Fwww.youtube.com%2F%40swaminarayan%2Fstreams → pending (?ms, ?B)
[2026-06-10T08:39:28.888Z] GET https://www.youtube.com/oembed?url=https://www.youtube.com/watch?v=u9SEkGgmEbo&format=json → 200 (118ms, 458B)
[2026-06-10T08:39:28.888Z] GET https://www.youtube.com/oembed?url=https://www.youtube.com/watch?v=IxhiaOhb5L4&format=json → 200 (117ms, 502B)
[2026-06-10T08:39:58.031Z] GET http://localhost:8765/proxy?url=https%3A%2F%2Fwww.youtube.com%2F%40swaminarayan%2Fstreams → pending (?ms, ?B)
[2026-06-10T08:39:58.903Z] GET https://www.youtube.com/oembed?url=https://www.youtube.com/watch?v=u9SEkGgmEbo&format=json → 200 (125ms, 458B)
[2026-06-10T08:39:58.903Z] GET https://www.youtube.com/oembed?url=https://www.youtube.com/watch?v=IxhiaOhb5L4&format=json → 200 (119ms, 502B)
[2026-06-10T08:40:28.029Z] GET http://localhost:8765/proxy?url=https%3A%2F%2Fwww.youtube.com%2F%40swaminarayan%2Fstreams → pending (?ms, ?B)
[2026-06-10T08:40:28.856Z] GET https://www.youtube.com/oembed?url=https://www.youtube.com/watch?v=u9SEkGgmEbo&format=json → 200 (123ms, 458B)
[2026-06-10T08:40:28.856Z] GET https://www.youtube.com/oembed?url=https://www.youtube.com/watch?v=IxhiaOhb5L4&format=json → 200 (125ms, 502B)
